This is pdfTeX, Version 3.141592653-2.6-1.40.25 (MiKTeX 23.10.12) (preloaded format=latex 2023.11.17)  17 NOV 2023 02:33
entering extended mode
 restricted \write18 enabled.
 %&-line parsing enabled.
**./layouts.ins
(layouts.ins
LaTeX2e <2023-11-01>
L3 programming layer <2023-11-01>
(C:\Users\jxe8989\AppData\Local\Programs\MiKTeX\tex/latex/base\docstrip.tex
\blockLevel=\count186
\emptyLines=\count187
\processedLines=\count188
\commentsRemoved=\count189
\commentsPassed=\count190
\codeLinesPassed=\count191
\TotalprocessedLines=\count192
\TotalcommentsRemoved=\count193
\TotalcommentsPassed=\count194
\TotalcodeLinesPassed=\count195
\NumberOfFiles=\count196
\inFile=\read2
\inputcheck=\read3
\off@0=\count197
\off@1=\count198
\off@2=\count199
\off@3=\count266
\off@4=\count267
\off@5=\count268
\off@6=\count269
\off@7=\count270
\off@8=\count271
\off@9=\count272
\off@10=\count273
\off@11=\count274
\off@12=\count275
\off@13=\count276
\off@14=\count277
\off@15=\count278
\@maxfiles=\count279
\@maxoutfiles=\count280

Utility: `docstrip' v2.6b <2022-09-03>
English documentation    <2023-10-10>

**********************************************************
* This program converts documented macro-files into fast *
* loadable files by stripping off (nearly) all comments! *
**********************************************************

********************************************************
* No Configuration file found, using default settings. *
********************************************************

(layouts.ins
*** Generating the LaTeX2e package files ***

Generating file(s) ./layouts.sty 
\openout0 = `./layouts.sty'.


Processing file layouts.dtx (lays) -> layouts.sty
File layouts.dtx ended by \endinput.
Lines  processed: 4822
Comments removed: 2297
Comments  passed: 54
Codelines passed: 2467

***********************************************************
*
* To finish the installation you have to move the following
* file(s) into a directory searched by TeX:
*
*   layouts.sty
*
*
* To produce the source documentation run the files ending with
* `.dtx' through LaTeX.
* Process any layouts.idx file by:
*     makeindex -s gind.ist layouts
* Process any layouts.glo file by:
*     makeindex -s gglo.ist -o layouts.gls layouts.glo
*
* Happy TeXing
***********************************************************
) ) ) 
Here is how much of TeX's memory you used:
 334 strings out of 474592
 3700 string characters out of 5744859
 1923530 words of memory out of 5000000
 22607 multiletter control sequences out of 15000+600000
 558069 words of font info for 36 fonts, out of 8000000 for 9000
 1141 hyphenation exceptions out of 8191
 15i,0n,15p,218b,120s stack positions out of 10000i,1000n,20000p,200000b,200000s

No pages of output.
